2017-10-18  INFO [default-akka.actor.default-dispatcher-3] a.e.s.Slf4jLogger - Slf4jLogger started
2017-10-18 09:13:22.491UTC DEBUG[default-akka.actor.default-dispatcher-3] a.e.EventStream - logger log1-Slf4jLogger started
2017-10-18 09:13:22.492UTC DEBUG[default-akka.actor.default-dispatcher-3] a.e.EventStream - Default Loggers started
2017-10-18 09:13:22.726UTC DEBUG[default-akka.actor.default-dispatcher-3] c.t.s.a.AkkaSSLConfig - Initializing AkkaSSLConfig extension...
2017-10-18 09:13:22.728UTC DEBUG[default-akka.actor.default-dispatcher-3] c.t.s.a.AkkaSSLConfig - buildHostnameVerifier: created hostname verifier: com.typesafe.sslconfig.ssl.DefaultHostnameVerifier@72c8e7b
2017-10-18 09:13:23.230UTC DEBUG[default-akka.actor.default-dispatcher-3] a.i.TcpOutgoingConnection - Resolving api.bitfinex.com before connecting
2017-10-18 09:13:23.250UTC DEBUG[default-akka.actor.default-dispatcher-4] a.i.SimpleDnsManager - Resolution request for api.bitfinex.com from Actor[akka://default/system/IO-TCP/selectors/$a/0#-979236533]
2017-10-18 09:13:23.305UTC DEBUG[default-akka.actor.default-dispatcher-4] a.i.TcpOutgoingConnection - Attempting connection to [api.bitfinex.com/104.16.171.181:443]
2017-10-18 09:13:23.330UTC DEBUG[default-akka.actor.default-dispatcher-4] a.i.TcpOutgoingConnection - Connection established to [api.bitfinex.com:443]
2017-10-18 09:13:23.569UTC DEBUG[default-akka.actor.default-dispatcher-3] c.t.s.s.DefaultHostnameVerifier - verify: hostname = api.bitfinex.com, sessionId (base64) = Ywxu2ffZmCBQeYjC83rT0WmzeGpQKd0B16qlbo7yo1U=
2017-10-18 09:13:23.569UTC DEBUG[default-akka.actor.default-dispatcher-3] c.t.s.s.DefaultHostnameVerifier - verify: returning true
2017-10-18 09:13:56.279UTC INFO [default-akka.actor.default-dispatcher-4] a.a.CoordinatedShutdown - Starting coordinated shutdown from JVM shutdown hook
2017-10-18 09:13:56.280UTC DEBUG[default-akka.actor.default-dispatcher-4] a.a.CoordinatedShutdown - Performing phase [before-service-unbind] with [0] tasks
2017-10-18 09:13:56.284UTC DEBUG[default-akka.actor.default-dispatcher-3] a.a.CoordinatedShutdown - Performing phase [service-unbind] with [0] tasks
2017-10-18 09:13:56.284UTC DEBUG[default-akka.actor.default-dispatcher-3] a.a.CoordinatedShutdown - Performing phase [service-requests-done] with [0] tasks
2017-10-18 09:13:56.284UTC DEBUG[default-akka.actor.default-dispatcher-3] a.a.CoordinatedShutdown - Performing phase [service-stop] with [0] tasks
2017-10-18 09:13:56.284UTC DEBUG[default-akka.actor.default-dispatcher-3] a.a.CoordinatedShutdown - Performing phase [before-cluster-shutdown] with [0] tasks
2017-10-18 09:13:56.284UTC DEBUG[default-akka.actor.default-dispatcher-3] a.a.CoordinatedShutdown - Performing phase [cluster-sharding-shutdown-region] with [0] tasks
2017-10-18 09:13:56.284UTC DEBUG[default-akka.actor.default-dispatcher-3] a.a.CoordinatedShutdown - Performing phase [cluster-leave] with [0] tasks
2017-10-18 09:13:56.284UTC DEBUG[default-akka.actor.default-dispatcher-3] a.a.CoordinatedShutdown - Performing phase [cluster-exiting] with [0] tasks
2017-10-18 09:13:56.284UTC DEBUG[default-akka.actor.default-dispatcher-3] a.a.CoordinatedShutdown - Performing phase [cluster-exiting-done] with [0] tasks
2017-10-18 09:13:56.284UTC DEBUG[default-akka.actor.default-dispatcher-3] a.a.CoordinatedShutdown - Performing phase [cluster-shutdown] with [0] tasks
2017-10-18 09:13:56.284UTC DEBUG[default-akka.actor.default-dispatcher-3] a.a.CoordinatedShutdown - Performing phase [before-actor-system-terminate] with [0] tasks
2017-10-18 09:13:56.285UTC DEBUG[default-akka.actor.default-dispatcher-3] a.a.CoordinatedShutdown - Performing phase [actor-system-terminate] with [1] tasks: [terminate-system]
2017-10-18 09:13:56.329UTC DEBUG[default-akka.actor.default-dispatcher-4] a.e.EventStream - shutting down: StandardOutLogger started
2017-10-18  INFO [default-akka.actor.default-dispatcher-3] a.e.s.Slf4jLogger - Slf4jLogger started
2017-10-18 09:14:02.075UTC DEBUG[default-akka.actor.default-dispatcher-3] a.e.EventStream - logger log1-Slf4jLogger started
2017-10-18 09:14:02.076UTC DEBUG[default-akka.actor.default-dispatcher-3] a.e.EventStream - Default Loggers started
2017-10-18 09:14:02.308UTC DEBUG[default-akka.actor.default-dispatcher-2] c.t.s.a.AkkaSSLConfig - Initializing AkkaSSLConfig extension...
2017-10-18 09:14:02.310UTC DEBUG[default-akka.actor.default-dispatcher-2] c.t.s.a.AkkaSSLConfig - buildHostnameVerifier: created hostname verifier: com.typesafe.sslconfig.ssl.DefaultHostnameVerifier@72c8e7b
2017-10-18 09:14:02.850UTC DEBUG[default-akka.actor.default-dispatcher-2] a.i.TcpOutgoingConnection - Resolving api.bitfinex.com before connecting
2017-10-18 09:14:02.865UTC DEBUG[default-akka.actor.default-dispatcher-3] a.i.SimpleDnsManager - Resolution request for api.bitfinex.com from Actor[akka://default/system/IO-TCP/selectors/$a/0#690348270]
2017-10-18 09:14:02.917UTC DEBUG[default-akka.actor.default-dispatcher-3] a.i.TcpOutgoingConnection - Attempting connection to [api.bitfinex.com/104.16.171.181:443]
2017-10-18 09:14:02.956UTC DEBUG[default-akka.actor.default-dispatcher-3] a.i.TcpOutgoingConnection - Connection established to [api.bitfinex.com:443]
2017-10-18 09:14:03.139UTC DEBUG[default-akka.actor.default-dispatcher-3] c.t.s.s.DefaultHostnameVerifier - verify: hostname = api.bitfinex.com, sessionId (base64) = K6eCijMsYjsn59mxg2XI/WYkrMjvQgmubgsJAyBoNrY=
2017-10-18 09:14:03.139UTC DEBUG[default-akka.actor.default-dispatcher-3] c.t.s.s.DefaultHostnameVerifier - verify: returning true
2017-10-18 09:15:02.114UTC INFO [default-akka.actor.default-dispatcher-2] a.a.CoordinatedShutdown - Starting coordinated shutdown from JVM shutdown hook
2017-10-18 09:15:02.116UTC DEBUG[default-akka.actor.default-dispatcher-2] a.a.CoordinatedShutdown - Performing phase [before-service-unbind] with [0] tasks
2017-10-18 09:15:02.119UTC DEBUG[default-akka.actor.default-dispatcher-6] a.a.CoordinatedShutdown - Performing phase [service-unbind] with [0] tasks
2017-10-18 09:15:02.119UTC DEBUG[default-akka.actor.default-dispatcher-6] a.a.CoordinatedShutdown - Performing phase [service-requests-done] with [0] tasks
2017-10-18 09:15:02.119UTC DEBUG[default-akka.actor.default-dispatcher-6] a.a.CoordinatedShutdown - Performing phase [service-stop] with [0] tasks
2017-10-18 09:15:02.119UTC DEBUG[default-akka.actor.default-dispatcher-6] a.a.CoordinatedShutdown - Performing phase [before-cluster-shutdown] with [0] tasks
2017-10-18 09:15:02.119UTC DEBUG[default-akka.actor.default-dispatcher-6] a.a.CoordinatedShutdown - Performing phase [cluster-sharding-shutdown-region] with [0] tasks
2017-10-18 09:15:02.119UTC DEBUG[default-akka.actor.default-dispatcher-6] a.a.CoordinatedShutdown - Performing phase [cluster-leave] with [0] tasks
2017-10-18 09:15:02.119UTC DEBUG[default-akka.actor.default-dispatcher-6] a.a.CoordinatedShutdown - Performing phase [cluster-exiting] with [0] tasks
2017-10-18 09:15:02.120UTC DEBUG[default-akka.actor.default-dispatcher-6] a.a.CoordinatedShutdown - Performing phase [cluster-exiting-done] with [0] tasks
2017-10-18 09:15:02.120UTC DEBUG[default-akka.actor.default-dispatcher-6] a.a.CoordinatedShutdown - Performing phase [cluster-shutdown] with [0] tasks
2017-10-18 09:15:02.120UTC DEBUG[default-akka.actor.default-dispatcher-6] a.a.CoordinatedShutdown - Performing phase [before-actor-system-terminate] with [0] tasks
2017-10-18 09:15:02.120UTC DEBUG[default-akka.actor.default-dispatcher-6] a.a.CoordinatedShutdown - Performing phase [actor-system-terminate] with [1] tasks: [terminate-system]
2017-10-18 09:15:02.167UTC DEBUG[default-akka.actor.default-dispatcher-13] a.e.EventStream - shutting down: StandardOutLogger started
2017-10-18  INFO [default-akka.actor.default-dispatcher-2] a.e.s.Slf4jLogger - Slf4jLogger started
2017-10-18 09:15:07.334UTC DEBUG[default-akka.actor.default-dispatcher-2] a.e.EventStream - logger log1-Slf4jLogger started
2017-10-18 09:15:07.335UTC DEBUG[default-akka.actor.default-dispatcher-2] a.e.EventStream - Default Loggers started
2017-10-18 09:15:07.562UTC DEBUG[default-akka.actor.default-dispatcher-2] c.t.s.a.AkkaSSLConfig - Initializing AkkaSSLConfig extension...
2017-10-18 09:15:07.564UTC DEBUG[default-akka.actor.default-dispatcher-2] c.t.s.a.AkkaSSLConfig - buildHostnameVerifier: created hostname verifier: com.typesafe.sslconfig.ssl.DefaultHostnameVerifier@72c8e7b
2017-10-18 09:15:08.035UTC DEBUG[default-akka.actor.default-dispatcher-2] a.i.TcpOutgoingConnection - Resolving api.bitfinex.com before connecting
2017-10-18 09:15:08.056UTC DEBUG[default-akka.actor.default-dispatcher-3] a.i.SimpleDnsManager - Resolution request for api.bitfinex.com from Actor[akka://default/system/IO-TCP/selectors/$a/0#1348399098]
2017-10-18 09:15:08.109UTC DEBUG[default-akka.actor.default-dispatcher-3] a.i.TcpOutgoingConnection - Attempting connection to [api.bitfinex.com/104.16.171.181:443]
2017-10-18 09:15:08.146UTC DEBUG[default-akka.actor.default-dispatcher-3] a.i.TcpOutgoingConnection - Connection established to [api.bitfinex.com:443]
2017-10-18 09:15:08.336UTC DEBUG[default-akka.actor.default-dispatcher-4] c.t.s.s.DefaultHostnameVerifier - verify: hostname = api.bitfinex.com, sessionId (base64) = fA75xttjtKR3aIhmTLnrMoHyf3cXh4h21wmoUZ/607s=
2017-10-18 09:15:08.336UTC DEBUG[default-akka.actor.default-dispatcher-4] c.t.s.s.DefaultHostnameVerifier - verify: returning true
2017-10-18 09:15:47.159UTC INFO [default-akka.actor.default-dispatcher-3] a.a.CoordinatedShutdown - Starting coordinated shutdown from JVM shutdown hook
2017-10-18 09:15:47.161UTC DEBUG[default-akka.actor.default-dispatcher-3] a.a.CoordinatedShutdown - Performing phase [before-service-unbind] with [0] tasks
2017-10-18 09:15:47.165UTC DEBUG[default-akka.actor.default-dispatcher-2] a.a.CoordinatedShutdown - Performing phase [service-unbind] with [0] tasks
2017-10-18 09:15:47.165UTC DEBUG[default-akka.actor.default-dispatcher-2] a.a.CoordinatedShutdown - Performing phase [service-requests-done] with [0] tasks
2017-10-18 09:15:47.165UTC DEBUG[default-akka.actor.default-dispatcher-2] a.a.CoordinatedShutdown - Performing phase [service-stop] with [0] tasks
2017-10-18 09:15:47.165UTC DEBUG[default-akka.actor.default-dispatcher-2] a.a.CoordinatedShutdown - Performing phase [before-cluster-shutdown] with [0] tasks
2017-10-18 09:15:47.165UTC DEBUG[default-akka.actor.default-dispatcher-2] a.a.CoordinatedShutdown - Performing phase [cluster-sharding-shutdown-region] with [0] tasks
2017-10-18 09:15:47.165UTC DEBUG[default-akka.actor.default-dispatcher-2] a.a.CoordinatedShutdown - Performing phase [cluster-leave] with [0] tasks
2017-10-18 09:15:47.165UTC DEBUG[default-akka.actor.default-dispatcher-2] a.a.CoordinatedShutdown - Performing phase [cluster-exiting] with [0] tasks
2017-10-18 09:15:47.165UTC DEBUG[default-akka.actor.default-dispatcher-2] a.a.CoordinatedShutdown - Performing phase [cluster-exiting-done] with [0] tasks
2017-10-18 09:15:47.165UTC DEBUG[default-akka.actor.default-dispatcher-2] a.a.CoordinatedShutdown - Performing phase [cluster-shutdown] with [0] tasks
2017-10-18 09:15:47.165UTC DEBUG[default-akka.actor.default-dispatcher-2] a.a.CoordinatedShutdown - Performing phase [before-actor-system-terminate] with [0] tasks
2017-10-18 09:15:47.166UTC DEBUG[default-akka.actor.default-dispatcher-2] a.a.CoordinatedShutdown - Performing phase [actor-system-terminate] with [1] tasks: [terminate-system]
2017-10-18 09:15:47.210UTC DEBUG[default-akka.actor.default-dispatcher-3] a.e.EventStream - shutting down: StandardOutLogger started
2017-10-18  INFO [default-akka.actor.default-dispatcher-2] a.e.s.Slf4jLogger - Slf4jLogger started
2017-10-18 09:15:51.785UTC DEBUG[default-akka.actor.default-dispatcher-2] a.e.EventStream - logger log1-Slf4jLogger started
2017-10-18 09:15:51.786UTC DEBUG[default-akka.actor.default-dispatcher-2] a.e.EventStream - Default Loggers started
2017-10-18 09:15:52.022UTC DEBUG[default-akka.actor.default-dispatcher-4] c.t.s.a.AkkaSSLConfig - Initializing AkkaSSLConfig extension...
2017-10-18 09:15:52.025UTC DEBUG[default-akka.actor.default-dispatcher-4] c.t.s.a.AkkaSSLConfig - buildHostnameVerifier: created hostname verifier: com.typesafe.sslconfig.ssl.DefaultHostnameVerifier@72c8e7b
2017-10-18 09:15:52.506UTC DEBUG[default-akka.actor.default-dispatcher-4] a.i.TcpOutgoingConnection - Resolving api.bitfinex.com before connecting
2017-10-18 09:15:52.522UTC DEBUG[default-akka.actor.default-dispatcher-2] a.i.SimpleDnsManager - Resolution request for api.bitfinex.com from Actor[akka://default/system/IO-TCP/selectors/$a/0#1927905190]
2017-10-18 09:15:52.568UTC DEBUG[default-akka.actor.default-dispatcher-2] a.i.TcpOutgoingConnection - Attempting connection to [api.bitfinex.com/104.16.171.181:443]
2017-10-18 09:15:52.594UTC DEBUG[default-akka.actor.default-dispatcher-2] a.i.TcpOutgoingConnection - Connection established to [api.bitfinex.com:443]
2017-10-18 09:15:52.743UTC DEBUG[default-akka.actor.default-dispatcher-6] c.t.s.s.DefaultHostnameVerifier - verify: hostname = api.bitfinex.com, sessionId (base64) = SBSYc+Xvpu35O+qoGZN2S9qiPNxLlAfrJOi3V6brKb0=
2017-10-18 09:15:52.743UTC DEBUG[default-akka.actor.default-dispatcher-6] c.t.s.s.DefaultHostnameVerifier - verify: returning true
2017-10-18 09:15:52.998UTC DEBUG[default-akka.actor.default-dispatcher-13] a.a.RepointableActorRef - Aborting tcp connection to api.bitfinex.com:443 because of upstream failure: Processor actor [Actor[akka://default/user/StreamSupervisor-0/flow-0-0-ignoreSink#-1845875525]] terminated abruptly
2017-10-18 09:15:53.039UTC DEBUG[default-akka.actor.default-dispatcher-14] a.e.EventStream - shutting down: StandardOutLogger started
2017-10-18  INFO [default-akka.actor.default-dispatcher-2] a.e.s.Slf4jLogger - Slf4jLogger started
2017-10-18 09:16:54.074UTC DEBUG[default-akka.actor.default-dispatcher-2] a.e.EventStream - logger log1-Slf4jLogger started
2017-10-18 09:16:54.076UTC DEBUG[default-akka.actor.default-dispatcher-2] a.e.EventStream - Default Loggers started
2017-10-18 09:16:54.307UTC DEBUG[default-akka.actor.default-dispatcher-3] c.t.s.a.AkkaSSLConfig - Initializing AkkaSSLConfig extension...
2017-10-18 09:16:54.309UTC DEBUG[default-akka.actor.default-dispatcher-3] c.t.s.a.AkkaSSLConfig - buildHostnameVerifier: created hostname verifier: com.typesafe.sslconfig.ssl.DefaultHostnameVerifier@72c8e7b
2017-10-18 09:16:54.792UTC DEBUG[default-akka.actor.default-dispatcher-3] a.i.TcpOutgoingConnection - Resolving api.bitfinex.com before connecting
2017-10-18 09:16:54.806UTC DEBUG[default-akka.actor.default-dispatcher-3] a.i.SimpleDnsManager - Resolution request for api.bitfinex.com from Actor[akka://default/system/IO-TCP/selectors/$a/0#-476278791]
2017-10-18 09:16:54.858UTC DEBUG[default-akka.actor.default-dispatcher-3] a.i.TcpOutgoingConnection - Attempting connection to [api.bitfinex.com/104.16.171.181:443]
2017-10-18 09:16:54.887UTC DEBUG[default-akka.actor.default-dispatcher-3] a.i.TcpOutgoingConnection - Connection established to [api.bitfinex.com:443]
2017-10-18 09:16:55.057UTC DEBUG[default-akka.actor.default-dispatcher-3] c.t.s.s.DefaultHostnameVerifier - verify: hostname = api.bitfinex.com, sessionId (base64) = lbOLFHvn/h023SGwtE8/938eEIWFzHS55PMOMOnwYqU=
2017-10-18 09:16:55.057UTC DEBUG[default-akka.actor.default-dispatcher-3] c.t.s.s.DefaultHostnameVerifier - verify: returning true
2017-10-18 09:16:55.207UTC DEBUG[default-akka.actor.default-dispatcher-14] a.a.RepointableActorRef - Aborting tcp connection to api.bitfinex.com:443 because of upstream failure: Processor actor [Actor[akka://default/user/StreamSupervisor-0/flow-0-0-ignoreSink#-1874398459]] terminated abruptly
2017-10-18 09:16:55.246UTC DEBUG[default-akka.actor.default-dispatcher-3] a.e.EventStream - shutting down: StandardOutLogger started
2017-10-18  INFO [default-akka.actor.default-dispatcher-3] a.e.s.Slf4jLogger - Slf4jLogger started
2017-10-18 09:17:22.974UTC DEBUG[default-akka.actor.default-dispatcher-3] a.e.EventStream - logger log1-Slf4jLogger started
2017-10-18 09:17:22.975UTC DEBUG[default-akka.actor.default-dispatcher-3] a.e.EventStream - Default Loggers started
2017-10-18 09:17:23.207UTC DEBUG[default-akka.actor.default-dispatcher-2] c.t.s.a.AkkaSSLConfig - Initializing AkkaSSLConfig extension...
2017-10-18 09:17:23.209UTC DEBUG[default-akka.actor.default-dispatcher-2] c.t.s.a.AkkaSSLConfig - buildHostnameVerifier: created hostname verifier: com.typesafe.sslconfig.ssl.DefaultHostnameVerifier@72c8e7b
2017-10-18 09:17:23.685UTC DEBUG[default-akka.actor.default-dispatcher-2] a.i.TcpOutgoingConnection - Resolving api.bitfinex.com before connecting
2017-10-18 09:17:23.707UTC DEBUG[default-akka.actor.default-dispatcher-3] a.i.SimpleDnsManager - Resolution request for api.bitfinex.com from Actor[akka://default/system/IO-TCP/selectors/$a/0#111075306]
2017-10-18 09:17:23.851UTC DEBUG[default-akka.actor.default-dispatcher-3] a.i.TcpOutgoingConnection - Attempting connection to [api.bitfinex.com/104.16.171.181:443]
2017-10-18 09:17:23.885UTC DEBUG[default-akka.actor.default-dispatcher-3] a.i.TcpOutgoingConnection - Connection established to [api.bitfinex.com:443]
2017-10-18 09:17:24.092UTC DEBUG[default-akka.actor.default-dispatcher-2] c.t.s.s.DefaultHostnameVerifier - verify: hostname = api.bitfinex.com, sessionId (base64) = Y6DwmMWH9JR6R0GeadJRttzG6fcOKPmLlmK6JgyBZEg=
2017-10-18 09:17:24.092UTC DEBUG[default-akka.actor.default-dispatcher-2] c.t.s.s.DefaultHostnameVerifier - verify: returning true
2017-10-18 09:17:24.251UTC DEBUG[default-akka.actor.default-dispatcher-14] a.a.RepointableActorRef - Aborting tcp connection to api.bitfinex.com:443 because of upstream failure: Processor actor [Actor[akka://default/user/StreamSupervisor-0/flow-0-0-ignoreSink#-57410722]] terminated abruptly
2017-10-18 09:17:24.265UTC DEBUG[default-akka.actor.default-dispatcher-13] a.e.EventStream - shutting down: StandardOutLogger started
2017-10-18  INFO [default-akka.actor.default-dispatcher-2] a.e.s.Slf4jLogger - Slf4jLogger started
2017-10-18 09:17:57.645UTC DEBUG[default-akka.actor.default-dispatcher-2] a.e.EventStream - logger log1-Slf4jLogger started
2017-10-18 09:17:57.646UTC DEBUG[default-akka.actor.default-dispatcher-2] a.e.EventStream - Default Loggers started
2017-10-18 09:17:57.872UTC DEBUG[default-akka.actor.default-dispatcher-3] c.t.s.a.AkkaSSLConfig - Initializing AkkaSSLConfig extension...
2017-10-18 09:17:57.875UTC DEBUG[default-akka.actor.default-dispatcher-3] c.t.s.a.AkkaSSLConfig - buildHostnameVerifier: created hostname verifier: com.typesafe.sslconfig.ssl.DefaultHostnameVerifier@72c8e7b
2017-10-18 09:17:58.358UTC DEBUG[default-akka.actor.default-dispatcher-3] a.i.TcpOutgoingConnection - Resolving api.bitfinex.com before connecting
2017-10-18 09:17:58.379UTC DEBUG[default-akka.actor.default-dispatcher-4] a.i.SimpleDnsManager - Resolution request for api.bitfinex.com from Actor[akka://default/system/IO-TCP/selectors/$a/0#-2140283512]
2017-10-18 09:17:58.430UTC DEBUG[default-akka.actor.default-dispatcher-4] a.i.TcpOutgoingConnection - Attempting connection to [api.bitfinex.com/104.16.171.181:443]
2017-10-18 09:17:58.461UTC DEBUG[default-akka.actor.default-dispatcher-4] a.i.TcpOutgoingConnection - Connection established to [api.bitfinex.com:443]
2017-10-18 09:17:58.657UTC DEBUG[default-akka.actor.default-dispatcher-2] c.t.s.s.DefaultHostnameVerifier - verify: hostname = api.bitfinex.com, sessionId (base64) = LxGb+d+sCrZNYR9gvdHiJimfjta3fZTe9EOzj+z5gUM=
2017-10-18 09:17:58.657UTC DEBUG[default-akka.actor.default-dispatcher-2] c.t.s.s.DefaultHostnameVerifier - verify: returning true
2017-10-18 09:17:58.839UTC DEBUG[default-akka.actor.default-dispatcher-12] a.a.RepointableActorRef - Aborting tcp connection to api.bitfinex.com:443 because of upstream failure: Processor actor [Actor[akka://default/user/StreamSupervisor-0/flow-0-0-ignoreSink#1322368915]] terminated abruptly
2017-10-18 09:17:58.885UTC DEBUG[default-akka.actor.default-dispatcher-12] a.e.EventStream - shutting down: StandardOutLogger started
2017-10-18  INFO [default-akka.actor.default-dispatcher-3] a.e.s.Slf4jLogger - Slf4jLogger started
2017-10-18 09:18:16.678UTC DEBUG[default-akka.actor.default-dispatcher-3] a.e.EventStream - logger log1-Slf4jLogger started
2017-10-18 09:18:16.679UTC DEBUG[default-akka.actor.default-dispatcher-3] a.e.EventStream - Default Loggers started
2017-10-18 09:18:16.908UTC DEBUG[default-akka.actor.default-dispatcher-2] c.t.s.a.AkkaSSLConfig - Initializing AkkaSSLConfig extension...
2017-10-18 09:18:16.911UTC DEBUG[default-akka.actor.default-dispatcher-2] c.t.s.a.AkkaSSLConfig - buildHostnameVerifier: created hostname verifier: com.typesafe.sslconfig.ssl.DefaultHostnameVerifier@72c8e7b
2017-10-18 09:18:17.404UTC DEBUG[default-akka.actor.default-dispatcher-2] a.i.TcpOutgoingConnection - Resolving api.bitfinex.com before connecting
2017-10-18 09:18:17.418UTC DEBUG[default-akka.actor.default-dispatcher-4] a.i.SimpleDnsManager - Resolution request for api.bitfinex.com from Actor[akka://default/system/IO-TCP/selectors/$a/0#1516190709]
2017-10-18 09:18:17.482UTC DEBUG[default-akka.actor.default-dispatcher-4] a.i.TcpOutgoingConnection - Attempting connection to [api.bitfinex.com/104.16.171.181:443]
2017-10-18 09:18:17.510UTC DEBUG[default-akka.actor.default-dispatcher-4] a.i.TcpOutgoingConnection - Connection established to [api.bitfinex.com:443]
2017-10-18 09:18:17.669UTC DEBUG[default-akka.actor.default-dispatcher-6] c.t.s.s.DefaultHostnameVerifier - verify: hostname = api.bitfinex.com, sessionId (base64) = VuKdfsDLzIWBtS9ZIxF0c1vAlpzzFiTVRPKb8Np8Fio=
2017-10-18 09:18:17.669UTC DEBUG[default-akka.actor.default-dispatcher-6] c.t.s.s.DefaultHostnameVerifier - verify: returning true
2017-10-18 09:18:17.946UTC DEBUG[default-akka.actor.default-dispatcher-14] a.a.RepointableActorRef - Aborting tcp connection to api.bitfinex.com:443 because of upstream failure: Processor actor [Actor[akka://default/user/StreamSupervisor-0/flow-0-0-ignoreSink#-159769818]] terminated abruptly
2017-10-18 09:18:17.990UTC DEBUG[default-akka.actor.default-dispatcher-4] a.e.EventStream - shutting down: StandardOutLogger started
2017-10-18  INFO [default-akka.actor.default-dispatcher-2] a.e.s.Slf4jLogger - Slf4jLogger started
2017-10-18 09:18:53.932UTC DEBUG[default-akka.actor.default-dispatcher-2] a.e.EventStream - logger log1-Slf4jLogger started
2017-10-18 09:18:53.933UTC DEBUG[default-akka.actor.default-dispatcher-2] a.e.EventStream - Default Loggers started
2017-10-18 09:18:54.163UTC DEBUG[default-akka.actor.default-dispatcher-4] c.t.s.a.AkkaSSLConfig - Initializing AkkaSSLConfig extension...
2017-10-18 09:18:54.165UTC DEBUG[default-akka.actor.default-dispatcher-4] c.t.s.a.AkkaSSLConfig - buildHostnameVerifier: created hostname verifier: com.typesafe.sslconfig.ssl.DefaultHostnameVerifier@72c8e7b
2017-10-18 09:18:54.641UTC DEBUG[default-akka.actor.default-dispatcher-4] a.i.TcpOutgoingConnection - Resolving api.bitfinex.com before connecting
2017-10-18 09:18:54.667UTC DEBUG[default-akka.actor.default-dispatcher-3] a.i.SimpleDnsManager - Resolution request for api.bitfinex.com from Actor[akka://default/system/IO-TCP/selectors/$a/0#1446979905]
2017-10-18 09:18:54.714UTC DEBUG[default-akka.actor.default-dispatcher-3] a.i.TcpOutgoingConnection - Attempting connection to [api.bitfinex.com/104.16.171.181:443]
2017-10-18 09:18:54.741UTC DEBUG[default-akka.actor.default-dispatcher-3] a.i.TcpOutgoingConnection - Connection established to [api.bitfinex.com:443]
2017-10-18 09:18:54.904UTC DEBUG[default-akka.actor.default-dispatcher-2] c.t.s.s.DefaultHostnameVerifier - verify: hostname = api.bitfinex.com, sessionId (base64) = aeJ/6jCq9piecaZvmMmML+pGyAJzrupUTUQGDUSTVhg=
2017-10-18 09:18:54.904UTC DEBUG[default-akka.actor.default-dispatcher-2] c.t.s.s.DefaultHostnameVerifier - verify: returning true
2017-10-18 09:18:55.046UTC DEBUG[default-akka.actor.default-dispatcher-6] a.a.RepointableActorRef - Aborting tcp connection to api.bitfinex.com:443 because of upstream failure: Processor actor [Actor[akka://default/user/StreamSupervisor-0/flow-0-0-ignoreSink#1977907387]] terminated abruptly
2017-10-18 09:18:55.083UTC DEBUG[default-akka.actor.default-dispatcher-13] a.e.EventStream - shutting down: StandardOutLogger started
2017-10-18  INFO [default-akka.actor.default-dispatcher-3] a.e.s.Slf4jLogger - Slf4jLogger started
2017-10-18 09:26:31.777UTC DEBUG[default-akka.actor.default-dispatcher-3] a.e.EventStream - logger log1-Slf4jLogger started
2017-10-18 09:26:31.778UTC DEBUG[default-akka.actor.default-dispatcher-3] a.e.EventStream - Default Loggers started
2017-10-18 09:26:32.003UTC DEBUG[default-akka.actor.default-dispatcher-4] c.t.s.a.AkkaSSLConfig - Initializing AkkaSSLConfig extension...
2017-10-18 09:26:32.008UTC DEBUG[default-akka.actor.default-dispatcher-4] c.t.s.a.AkkaSSLConfig - buildHostnameVerifier: created hostname verifier: com.typesafe.sslconfig.ssl.DefaultHostnameVerifier@72c8e7b
2017-10-18 09:26:32.581UTC DEBUG[default-akka.actor.default-dispatcher-4] a.i.TcpOutgoingConnection - Resolving api.bitfinex.com before connecting
2017-10-18 09:26:32.595UTC DEBUG[default-akka.actor.default-dispatcher-3] a.i.SimpleDnsManager - Resolution request for api.bitfinex.com from Actor[akka://default/system/IO-TCP/selectors/$a/0#18527283]
2017-10-18 09:26:32.657UTC DEBUG[default-akka.actor.default-dispatcher-3] a.i.TcpOutgoingConnection - Attempting connection to [api.bitfinex.com/104.16.172.181:443]
2017-10-18 09:26:32.697UTC DEBUG[default-akka.actor.default-dispatcher-3] a.i.TcpOutgoingConnection - Connection established to [api.bitfinex.com:443]
2017-10-18 09:26:32.898UTC DEBUG[default-akka.actor.default-dispatcher-3] c.t.s.s.DefaultHostnameVerifier - verify: hostname = api.bitfinex.com, sessionId (base64) = q9h/ISk5Dj61WR0oT384IyR7HawrShH9f/QZuRZUrBo=
2017-10-18 09:26:32.898UTC DEBUG[default-akka.actor.default-dispatcher-3] c.t.s.s.DefaultHostnameVerifier - verify: returning true
2017-10-18 09:26:33.089UTC DEBUG[default-akka.actor.default-dispatcher-12] a.a.RepointableActorRef - Aborting tcp connection to api.bitfinex.com:443 because of upstream failure: Processor actor [Actor[akka://default/user/StreamSupervisor-0/flow-0-0-ignoreSink#1755451339]] terminated abruptly
2017-10-18 09:26:33.139UTC DEBUG[default-akka.actor.default-dispatcher-12] a.e.EventStream - shutting down: StandardOutLogger started
2017-10-18  INFO [default-akka.actor.default-dispatcher-3] a.e.s.Slf4jLogger - Slf4jLogger started
2017-10-18 09:28:13.479UTC DEBUG[default-akka.actor.default-dispatcher-3] a.e.EventStream - logger log1-Slf4jLogger started
2017-10-18 09:28:13.480UTC DEBUG[default-akka.actor.default-dispatcher-3] a.e.EventStream - Default Loggers started
2017-10-18 09:28:13.708UTC DEBUG[default-akka.actor.default-dispatcher-2] c.t.s.a.AkkaSSLConfig - Initializing AkkaSSLConfig extension...
2017-10-18 09:28:13.710UTC DEBUG[default-akka.actor.default-dispatcher-2] c.t.s.a.AkkaSSLConfig - buildHostnameVerifier: created hostname verifier: com.typesafe.sslconfig.ssl.DefaultHostnameVerifier@72c8e7b
2017-10-18 09:28:14.195UTC DEBUG[default-akka.actor.default-dispatcher-2] a.i.TcpOutgoingConnection - Resolving api.bitfinex.com before connecting
2017-10-18 09:28:14.212UTC DEBUG[default-akka.actor.default-dispatcher-3] a.i.SimpleDnsManager - Resolution request for api.bitfinex.com from Actor[akka://default/system/IO-TCP/selectors/$a/0#-535614083]
2017-10-18 09:28:14.304UTC DEBUG[default-akka.actor.default-dispatcher-3] a.i.TcpOutgoingConnection - Attempting connection to [api.bitfinex.com/104.16.173.181:443]
2017-10-18 09:28:14.333UTC DEBUG[default-akka.actor.default-dispatcher-3] a.i.TcpOutgoingConnection - Connection established to [api.bitfinex.com:443]
2017-10-18 09:28:14.508UTC DEBUG[default-akka.actor.default-dispatcher-4] c.t.s.s.DefaultHostnameVerifier - verify: hostname = api.bitfinex.com, sessionId (base64) = wEsj6GlCKSwBsHZXyCl9hETdIW/XxeQotvS41nf6KtA=
2017-10-18 09:28:14.509UTC DEBUG[default-akka.actor.default-dispatcher-4] c.t.s.s.DefaultHostnameVerifier - verify: returning true
2017-10-18 09:28:14.665UTC DEBUG[default-akka.actor.default-dispatcher-13] a.a.RepointableActorRef - Aborting tcp connection to api.bitfinex.com:443 because of upstream failure: Processor actor [Actor[akka://default/user/StreamSupervisor-0/flow-0-0-ignoreSink#-1321663072]] terminated abruptly
2017-10-18 09:28:14.704UTC DEBUG[default-akka.actor.default-dispatcher-6] a.e.EventStream - shutting down: StandardOutLogger started
2017-10-18  INFO [default-akka.actor.default-dispatcher-2] a.e.s.Slf4jLogger - Slf4jLogger started
2017-10-18 09:56:41.221UTC DEBUG[default-akka.actor.default-dispatcher-2] a.e.EventStream - logger log1-Slf4jLogger started
2017-10-18 09:56:41.222UTC DEBUG[default-akka.actor.default-dispatcher-2] a.e.EventStream - Default Loggers started
2017-10-18 09:56:41.455UTC DEBUG[default-akka.actor.default-dispatcher-2] c.t.s.a.AkkaSSLConfig - Initializing AkkaSSLConfig extension...
2017-10-18 09:56:41.457UTC DEBUG[default-akka.actor.default-dispatcher-2] c.t.s.a.AkkaSSLConfig - buildHostnameVerifier: created hostname verifier: com.typesafe.sslconfig.ssl.DefaultHostnameVerifier@72c8e7b
2017-10-18 09:56:41.956UTC DEBUG[default-akka.actor.default-dispatcher-2] a.i.TcpOutgoingConnection - Resolving api.bitfinex.com before connecting
2017-10-18 09:56:41.974UTC DEBUG[default-akka.actor.default-dispatcher-4] a.i.SimpleDnsManager - Resolution request for api.bitfinex.com from Actor[akka://default/system/IO-TCP/selectors/$a/0#-1930549044]
2017-10-18 09:56:42.019UTC DEBUG[default-akka.actor.default-dispatcher-4] a.i.TcpOutgoingConnection - Attempting connection to [api.bitfinex.com/104.16.175.181:443]
2017-10-18 09:56:42.077UTC DEBUG[default-akka.actor.default-dispatcher-4] a.i.TcpOutgoingConnection - Connection established to [api.bitfinex.com:443]
2017-10-18 09:56:42.337UTC DEBUG[default-akka.actor.default-dispatcher-4] c.t.s.s.DefaultHostnameVerifier - verify: hostname = api.bitfinex.com, sessionId (base64) = rZ2b3WWJ436czgM+jOyFBIpssqrNgGEC/2k5zCSJh7U=
2017-10-18 09:56:42.337UTC DEBUG[default-akka.actor.default-dispatcher-4] c.t.s.s.DefaultHostnameVerifier - verify: returning true
2017-10-18 09:56:42.515UTC DEBUG[default-akka.actor.default-dispatcher-14] a.a.RepointableActorRef - Aborting tcp connection to api.bitfinex.com:443 because of upstream failure: Processor actor [Actor[akka://default/user/StreamSupervisor-0/flow-0-0-ignoreSink#-24977777]] terminated abruptly
2017-10-18 09:56:42.561UTC DEBUG[default-akka.actor.default-dispatcher-12] a.e.EventStream - shutting down: StandardOutLogger started
2017-10-21  INFO [default-akka.actor.default-dispatcher-2] a.e.s.Slf4jLogger - Slf4jLogger started
2017-10-21 19:33:10.312UTC DEBUG[default-akka.actor.default-dispatcher-2] a.e.EventStream - logger log1-Slf4jLogger started
2017-10-21 19:33:10.313UTC DEBUG[default-akka.actor.default-dispatcher-2] a.e.EventStream - Default Loggers started
2017-10-21 19:33:10.575UTC DEBUG[default-akka.actor.default-dispatcher-4] c.t.s.a.AkkaSSLConfig - Initializing AkkaSSLConfig extension...
2017-10-21 19:33:10.578UTC DEBUG[default-akka.actor.default-dispatcher-4] c.t.s.a.AkkaSSLConfig - buildHostnameVerifier: created hostname verifier: com.typesafe.sslconfig.ssl.DefaultHostnameVerifier@72c8e7b
2017-10-21 19:33:11.139UTC DEBUG[default-akka.actor.default-dispatcher-6] a.i.TcpOutgoingConnection - Resolving api.bitfinex.com before connecting
2017-10-21 19:33:11.163UTC DEBUG[default-akka.actor.default-dispatcher-3] a.i.SimpleDnsManager - Resolution request for api.bitfinex.com from Actor[akka://default/system/IO-TCP/selectors/$a/0#-399841523]
2017-10-21 19:33:11.222UTC DEBUG[default-akka.actor.default-dispatcher-2] a.i.TcpOutgoingConnection - Attempting connection to [api.bitfinex.com/104.16.174.181:443]
2017-10-21 19:33:11.236UTC DEBUG[default-akka.actor.default-dispatcher-2] a.i.TcpOutgoingConnection - Connection established to [api.bitfinex.com:443]
2017-10-21 19:33:11.366UTC DEBUG[default-akka.actor.default-dispatcher-2] c.t.s.s.DefaultHostnameVerifier - verify: hostname = api.bitfinex.com, sessionId (base64) = C8aNiSFgymmU9Ko3BihlagyX2Ibo0ZJY51m/nTrIhtc=
2017-10-21 19:33:11.367UTC DEBUG[default-akka.actor.default-dispatcher-2] c.t.s.s.DefaultHostnameVerifier - verify: returning true
2017-10-21 19:33:11.536UTC DEBUG[default-akka.actor.default-dispatcher-3] a.a.RepointableActorRef - Aborting tcp connection to api.bitfinex.com:443 because of upstream failure: Processor actor [Actor[akka://default/user/StreamSupervisor-0/flow-0-0-ignoreSink#1029797633]] terminated abruptly
2017-10-21 19:33:11.586UTC DEBUG[default-akka.actor.default-dispatcher-6] a.e.EventStream - shutting down: StandardOutLogger started
2017-10-24  INFO [SimpleThrottle-akka.actor.default-dispatcher-3] a.e.s.Slf4jLogger - Slf4jLogger started
2017-10-24 08:40:53.893UTC DEBUG[SimpleThrottle-akka.actor.default-dispatcher-3] a.e.EventStream - logger log1-Slf4jLogger started
2017-10-24 08:40:53.894UTC DEBUG[SimpleThrottle-akka.actor.default-dispatcher-3] a.e.EventStream - Default Loggers started
2017-10-24 08:40:54.057UTC DEBUG[SimpleThrottle-akka.actor.default-dispatcher-4] a.e.EventStream - shutting down: StandardOutLogger started
2017-10-24  INFO [SimpleThrottle-akka.actor.default-dispatcher-2] a.e.s.Slf4jLogger - Slf4jLogger started
2017-10-24 08:49:11.826UTC DEBUG[SimpleThrottle-akka.actor.default-dispatcher-2] a.e.EventStream - logger log1-Slf4jLogger started
2017-10-24 08:49:11.827UTC DEBUG[SimpleThrottle-akka.actor.default-dispatcher-2] a.e.EventStream - Default Loggers started
2017-10-24 08:49:11.994UTC DEBUG[SimpleThrottle-akka.actor.default-dispatcher-2] a.e.EventStream - shutting down: StandardOutLogger started
2017-10-24  INFO [SimpleThrottle-akka.actor.default-dispatcher-2] a.e.s.Slf4jLogger - Slf4jLogger started
2017-10-24 08:49:23.226UTC DEBUG[SimpleThrottle-akka.actor.default-dispatcher-2] a.e.EventStream - logger log1-Slf4jLogger started
2017-10-24 08:49:23.227UTC DEBUG[SimpleThrottle-akka.actor.default-dispatcher-2] a.e.EventStream - Default Loggers started
2017-10-24 08:49:23.396UTC DEBUG[SimpleThrottle-akka.actor.default-dispatcher-3] a.e.EventStream - shutting down: StandardOutLogger started
2017-10-24  INFO [SimpleThrottle-akka.actor.default-dispatcher-2] a.e.s.Slf4jLogger - Slf4jLogger started
2017-10-24 09:08:29.316UTC DEBUG[SimpleThrottle-akka.actor.default-dispatcher-2] a.e.EventStream - logger log1-Slf4jLogger started
2017-10-24 09:08:29.317UTC DEBUG[SimpleThrottle-akka.actor.default-dispatcher-2] a.e.EventStream - Default Loggers started
2017-10-24 09:08:29.493UTC DEBUG[SimpleThrottle-akka.actor.default-dispatcher-3] a.e.EventStream - shutting down: StandardOutLogger started
2017-10-24  INFO [SimpleThrottle-akka.actor.default-dispatcher-2] a.e.s.Slf4jLogger - Slf4jLogger started
2017-10-24 09:16:48.307UTC DEBUG[SimpleThrottle-akka.actor.default-dispatcher-2] a.e.EventStream - logger log1-Slf4jLogger started
2017-10-24 09:16:48.308UTC DEBUG[SimpleThrottle-akka.actor.default-dispatcher-2] a.e.EventStream - Default Loggers started
2017-10-24 09:16:48.481UTC DEBUG[SimpleThrottle-akka.actor.default-dispatcher-3] a.e.EventStream - shutting down: StandardOutLogger started
2017-10-24  INFO [SimpleThrottle-akka.actor.default-dispatcher-2] a.e.s.Slf4jLogger - Slf4jLogger started
2017-10-24 09:18:36.334UTC DEBUG[SimpleThrottle-akka.actor.default-dispatcher-2] a.e.EventStream - logger log1-Slf4jLogger started
2017-10-24 09:18:36.335UTC DEBUG[SimpleThrottle-akka.actor.default-dispatcher-2] a.e.EventStream - Default Loggers started
2017-10-24 09:18:36.498UTC DEBUG[SimpleThrottle-akka.actor.default-dispatcher-2] a.e.EventStream - shutting down: StandardOutLogger started
2017-10-24  INFO [SimpleThrottle-akka.actor.default-dispatcher-3] a.e.s.Slf4jLogger - Slf4jLogger started
2017-10-24 09:19:38.731UTC DEBUG[SimpleThrottle-akka.actor.default-dispatcher-3] a.e.EventStream - logger log1-Slf4jLogger started
2017-10-24 09:19:38.732UTC DEBUG[SimpleThrottle-akka.actor.default-dispatcher-3] a.e.EventStream - Default Loggers started
2017-10-24 09:19:38.918UTC DEBUG[SimpleThrottle-akka.actor.default-dispatcher-4] a.e.EventStream - shutting down: StandardOutLogger started
2017-10-24  INFO [SimpleThrottle-akka.actor.default-dispatcher-2] a.e.s.Slf4jLogger - Slf4jLogger started
2017-10-24 09:19:44.981UTC DEBUG[SimpleThrottle-akka.actor.default-dispatcher-2] a.e.EventStream - logger log1-Slf4jLogger started
2017-10-24 09:19:44.982UTC DEBUG[SimpleThrottle-akka.actor.default-dispatcher-2] a.e.EventStream - Default Loggers started
2017-10-24 09:19:45.157UTC DEBUG[SimpleThrottle-akka.actor.default-dispatcher-3] a.e.EventStream - shutting down: StandardOutLogger started
2017-10-24  INFO [SimpleThrottle-akka.actor.default-dispatcher-2] a.e.s.Slf4jLogger - Slf4jLogger started
2017-10-24 09:20:08.887UTC DEBUG[SimpleThrottle-akka.actor.default-dispatcher-2] a.e.EventStream - logger log1-Slf4jLogger started
2017-10-24 09:20:08.888UTC DEBUG[SimpleThrottle-akka.actor.default-dispatcher-2] a.e.EventStream - Default Loggers started
2017-10-24 09:20:09.064UTC DEBUG[SimpleThrottle-akka.actor.default-dispatcher-2] a.e.EventStream - shutting down: StandardOutLogger started
2017-10-24  INFO [SimpleThrottle-akka.actor.default-dispatcher-2] a.e.s.Slf4jLogger - Slf4jLogger started
2017-10-24 09:20:40.053UTC DEBUG[SimpleThrottle-akka.actor.default-dispatcher-2] a.e.EventStream - logger log1-Slf4jLogger started
2017-10-24 09:20:40.055UTC DEBUG[SimpleThrottle-akka.actor.default-dispatcher-2] a.e.EventStream - Default Loggers started
2017-10-24 09:20:40.231UTC DEBUG[SimpleThrottle-akka.actor.default-dispatcher-3] a.e.EventStream - shutting down: StandardOutLogger started
2017-10-24  INFO [SimpleThrottle-akka.actor.default-dispatcher-3] a.e.s.Slf4jLogger - Slf4jLogger started
2017-10-24 09:21:03.716UTC DEBUG[SimpleThrottle-akka.actor.default-dispatcher-3] a.e.EventStream - logger log1-Slf4jLogger started
2017-10-24 09:21:03.718UTC DEBUG[SimpleThrottle-akka.actor.default-dispatcher-3] a.e.EventStream - Default Loggers started
2017-10-24 09:21:03.891UTC DEBUG[SimpleThrottle-akka.actor.default-dispatcher-3] a.e.EventStream - shutting down: StandardOutLogger started
2017-10-24  INFO [SimpleThrottle-akka.actor.default-dispatcher-3] a.e.s.Slf4jLogger - Slf4jLogger started
2017-10-24 09:23:25.794UTC DEBUG[SimpleThrottle-akka.actor.default-dispatcher-3] a.e.EventStream - logger log1-Slf4jLogger started
2017-10-24 09:23:25.796UTC DEBUG[SimpleThrottle-akka.actor.default-dispatcher-3] a.e.EventStream - Default Loggers started
2017-10-24 09:23:25.977UTC DEBUG[SimpleThrottle-akka.actor.default-dispatcher-4] a.e.EventStream - shutting down: StandardOutLogger started
2017-10-24  INFO [SimpleThrottle-akka.actor.default-dispatcher-2] a.e.s.Slf4jLogger - Slf4jLogger started
2017-10-24 09:24:04.678UTC DEBUG[SimpleThrottle-akka.actor.default-dispatcher-2] a.e.EventStream - logger log1-Slf4jLogger started
2017-10-24 09:24:04.680UTC DEBUG[SimpleThrottle-akka.actor.default-dispatcher-2] a.e.EventStream - Default Loggers started
2017-10-24 09:24:04.856UTC DEBUG[SimpleThrottle-akka.actor.default-dispatcher-3] a.e.EventStream - shutting down: StandardOutLogger started
2017-10-24  INFO [SimpleThrottle-akka.actor.default-dispatcher-2] a.e.s.Slf4jLogger - Slf4jLogger started
2017-10-24 09:58:03.577UTC DEBUG[SimpleThrottle-akka.actor.default-dispatcher-2] a.e.EventStream - logger log1-Slf4jLogger started
2017-10-24 09:58:03.578UTC DEBUG[SimpleThrottle-akka.actor.default-dispatcher-2] a.e.EventStream - Default Loggers started
2017-10-24 09:58:03.752UTC DEBUG[SimpleThrottle-akka.actor.default-dispatcher-4] a.e.EventStream - shutting down: StandardOutLogger started
2017-10-24  INFO [SimpleThrottle-akka.actor.default-dispatcher-3] a.e.s.Slf4jLogger - Slf4jLogger started
2017-10-24 09:59:33.521UTC DEBUG[SimpleThrottle-akka.actor.default-dispatcher-3] a.e.EventStream - logger log1-Slf4jLogger started
2017-10-24 09:59:33.522UTC DEBUG[SimpleThrottle-akka.actor.default-dispatcher-3] a.e.EventStream - Default Loggers started
2017-10-24 09:59:33.697UTC DEBUG[SimpleThrottle-akka.actor.default-dispatcher-3] a.e.EventStream - shutting down: StandardOutLogger started
2017-10-24  INFO [SimpleThrottle-akka.actor.default-dispatcher-3] a.e.s.Slf4jLogger - Slf4jLogger started
2017-10-24 10:00:46.376UTC DEBUG[SimpleThrottle-akka.actor.default-dispatcher-3] a.e.EventStream - logger log1-Slf4jLogger started
2017-10-24 10:00:46.377UTC DEBUG[SimpleThrottle-akka.actor.default-dispatcher-3] a.e.EventStream - Default Loggers started
2017-10-24 10:00:46.553UTC DEBUG[SimpleThrottle-akka.actor.default-dispatcher-3] a.e.EventStream - shutting down: StandardOutLogger started
2017-10-24  INFO [SimpleThrottle-akka.actor.default-dispatcher-2] a.e.s.Slf4jLogger - Slf4jLogger started
2017-10-24 10:00:58.496UTC DEBUG[SimpleThrottle-akka.actor.default-dispatcher-2] a.e.EventStream - logger log1-Slf4jLogger started
2017-10-24 10:00:58.497UTC DEBUG[SimpleThrottle-akka.actor.default-dispatcher-2] a.e.EventStream - Default Loggers started
2017-10-24 10:00:58.670UTC DEBUG[SimpleThrottle-akka.actor.default-dispatcher-2] a.e.EventStream - shutting down: StandardOutLogger started
2017-10-24  INFO [SimpleThrottle-akka.actor.default-dispatcher-2] a.e.s.Slf4jLogger - Slf4jLogger started
2017-10-24 11:05:46.044UTC DEBUG[SimpleThrottle-akka.actor.default-dispatcher-2] a.e.EventStream - logger log1-Slf4jLogger started
2017-10-24 11:05:46.045UTC DEBUG[SimpleThrottle-akka.actor.default-dispatcher-2] a.e.EventStream - Default Loggers started
2017-10-24 11:05:51.976UTC INFO [SimpleThrottle-akka.actor.default-dispatcher-4] a.a.CoordinatedShutdown - Starting coordinated shutdown from JVM shutdown hook
2017-10-24 11:05:51.984UTC DEBUG[SimpleThrottle-akka.actor.default-dispatcher-4] a.a.CoordinatedShutdown - Performing phase [before-service-unbind] with [0] tasks
2017-10-24 11:05:51.990UTC DEBUG[SimpleThrottle-akka.actor.default-dispatcher-3] a.a.CoordinatedShutdown - Performing phase [service-unbind] with [0] tasks
2017-10-24 11:05:51.990UTC DEBUG[SimpleThrottle-akka.actor.default-dispatcher-3] a.a.CoordinatedShutdown - Performing phase [service-requests-done] with [0] tasks
2017-10-24 11:05:51.990UTC DEBUG[SimpleThrottle-akka.actor.default-dispatcher-3] a.a.CoordinatedShutdown - Performing phase [service-stop] with [0] tasks
2017-10-24 11:05:51.990UTC DEBUG[SimpleThrottle-akka.actor.default-dispatcher-3] a.a.CoordinatedShutdown - Performing phase [before-cluster-shutdown] with [0] tasks
2017-10-24 11:05:51.990UTC DEBUG[SimpleThrottle-akka.actor.default-dispatcher-3] a.a.CoordinatedShutdown - Performing phase [cluster-sharding-shutdown-region] with [0] tasks
2017-10-24 11:05:51.990UTC DEBUG[SimpleThrottle-akka.actor.default-dispatcher-3] a.a.CoordinatedShutdown - Performing phase [cluster-leave] with [0] tasks
2017-10-24 11:05:51.990UTC DEBUG[SimpleThrottle-akka.actor.default-dispatcher-3] a.a.CoordinatedShutdown - Performing phase [cluster-exiting] with [0] tasks
2017-10-24 11:05:51.990UTC DEBUG[SimpleThrottle-akka.actor.default-dispatcher-3] a.a.CoordinatedShutdown - Performing phase [cluster-exiting-done] with [0] tasks
2017-10-24 11:05:51.990UTC DEBUG[SimpleThrottle-akka.actor.default-dispatcher-3] a.a.CoordinatedShutdown - Performing phase [cluster-shutdown] with [0] tasks
2017-10-24 11:05:51.990UTC DEBUG[SimpleThrottle-akka.actor.default-dispatcher-3] a.a.CoordinatedShutdown - Performing phase [before-actor-system-terminate] with [0] tasks
2017-10-24 11:05:51.994UTC DEBUG[SimpleThrottle-akka.actor.default-dispatcher-3] a.a.CoordinatedShutdown - Performing phase [actor-system-terminate] with [1] tasks: [terminate-system]
2017-10-24 11:05:52.012UTC DEBUG[SimpleThrottle-akka.actor.default-dispatcher-5] a.e.EventStream - shutting down: StandardOutLogger started
2017-10-24  INFO [SimpleThrottle-akka.actor.default-dispatcher-3] a.e.s.Slf4jLogger - Slf4jLogger started
2017-10-24 11:16:13.462UTC DEBUG[SimpleThrottle-akka.actor.default-dispatcher-3] a.e.EventStream - logger log1-Slf4jLogger started
2017-10-24 11:16:13.463UTC DEBUG[SimpleThrottle-akka.actor.default-dispatcher-3] a.e.EventStream - Default Loggers started
2017-10-24 11:16:13.633UTC DEBUG[SimpleThrottle-akka.actor.default-dispatcher-4] a.e.EventStream - shutting down: StandardOutLogger started
2017-10-24  INFO [SimpleThrottle-akka.actor.default-dispatcher-2] a.e.s.Slf4jLogger - Slf4jLogger started
2017-10-24 11:18:14.741UTC DEBUG[SimpleThrottle-akka.actor.default-dispatcher-2] a.e.EventStream - logger log1-Slf4jLogger started
2017-10-24 11:18:14.742UTC DEBUG[SimpleThrottle-akka.actor.default-dispatcher-2] a.e.EventStream - Default Loggers started
2017-10-24 11:18:14.928UTC DEBUG[SimpleThrottle-akka.actor.default-dispatcher-2] a.e.EventStream - shutting down: StandardOutLogger started
2017-10-24  INFO [SimpleThrottle-akka.actor.default-dispatcher-2] a.e.s.Slf4jLogger - Slf4jLogger started
2017-10-24 11:18:45.444UTC DEBUG[SimpleThrottle-akka.actor.default-dispatcher-2] a.e.EventStream - logger log1-Slf4jLogger started
2017-10-24 11:18:45.445UTC DEBUG[SimpleThrottle-akka.actor.default-dispatcher-2] a.e.EventStream - Default Loggers started
2017-10-24 11:18:45.611UTC DEBUG[SimpleThrottle-akka.actor.default-dispatcher-3] a.e.EventStream - shutting down: StandardOutLogger started
2017-10-24  INFO [SimpleThrottle-akka.actor.default-dispatcher-2] a.e.s.Slf4jLogger - Slf4jLogger started
2017-10-24 11:19:33.585UTC DEBUG[SimpleThrottle-akka.actor.default-dispatcher-2] a.e.EventStream - logger log1-Slf4jLogger started
2017-10-24 11:19:33.586UTC DEBUG[SimpleThrottle-akka.actor.default-dispatcher-2] a.e.EventStream - Default Loggers started
2017-10-24 11:19:33.770UTC DEBUG[SimpleThrottle-akka.actor.default-dispatcher-3] a.e.EventStream - shutting down: StandardOutLogger started
2017-10-24  INFO [SimpleThrottle-akka.actor.default-dispatcher-2] a.e.s.Slf4jLogger - Slf4jLogger started
2017-10-24 13:31:53.073UTC DEBUG[SimpleThrottle-akka.actor.default-dispatcher-2] a.e.EventStream - logger log1-Slf4jLogger started
2017-10-24 13:31:53.074UTC DEBUG[SimpleThrottle-akka.actor.default-dispatcher-2] a.e.EventStream - Default Loggers started
2017-10-24 13:31:57.253UTC DEBUG[SimpleThrottle-akka.actor.default-dispatcher-4] a.e.EventStream - shutting down: StandardOutLogger started
2017-10-24  INFO [SimpleThrottle-akka.actor.default-dispatcher-3] a.e.s.Slf4jLogger - Slf4jLogger started
2017-10-24 13:32:04.860UTC DEBUG[SimpleThrottle-akka.actor.default-dispatcher-3] a.e.EventStream - logger log1-Slf4jLogger started
2017-10-24 13:32:04.861UTC DEBUG[SimpleThrottle-akka.actor.default-dispatcher-3] a.e.EventStream - Default Loggers started
2017-10-24 13:32:09.047UTC DEBUG[SimpleThrottle-akka.actor.default-dispatcher-2] a.e.EventStream - shutting down: StandardOutLogger started
2017-10-24  INFO [SimpleThrottle-akka.actor.default-dispatcher-3] a.e.s.Slf4jLogger - Slf4jLogger started
2017-10-24 15:32:53.940UTC DEBUG[SimpleThrottle-akka.actor.default-dispatcher-3] a.e.EventStream - logger log1-Slf4jLogger started
2017-10-24 15:32:53.941UTC DEBUG[SimpleThrottle-akka.actor.default-dispatcher-3] a.e.EventStream - Default Loggers started
2017-10-24 15:32:58.124UTC DEBUG[SimpleThrottle-akka.actor.default-dispatcher-4] a.e.EventStream - shutting down: StandardOutLogger started
2017-10-24  INFO [LogFlow-akka.actor.default-dispatcher-3] a.e.s.Slf4jLogger - Slf4jLogger started
2017-10-24 21:52:03.009UTC DEBUG[LogFlow-akka.actor.default-dispatcher-3] a.e.EventStream - logger log1-Slf4jLogger started
2017-10-24 21:52:03.010UTC DEBUG[LogFlow-akka.actor.default-dispatcher-3] a.e.EventStream - Default Loggers started
2017-10-24 21:52:03.053UTC DEBUG[LogFlow-akka.actor.default-dispatcher-3] s.LogFlow$ - LOGGED BY LOG
2017-10-24 21:52:03.054UTC INFO [LogFlow-akka.actor.default-dispatcher-3] s.LogFlow$ - LOGGED BY LOG
2017-10-24 21:52:03.142UTC DEBUG[LogFlow-akka.actor.default-dispatcher-3] a.s.Materializer - [logFlow] Element: 1
2017-10-24 21:52:03.142UTC DEBUG[LogFlow-akka.actor.default-dispatcher-3] a.s.Materializer - [logFlow] Element: 2
2017-10-24 21:52:03.142UTC DEBUG[LogFlow-akka.actor.default-dispatcher-3] a.s.Materializer - [logFlow] Element: 3
2017-10-24 21:52:03.142UTC DEBUG[LogFlow-akka.actor.default-dispatcher-3] a.s.Materializer - [logFlow] Element: 4
2017-10-24 21:52:03.142UTC DEBUG[LogFlow-akka.actor.default-dispatcher-3] a.s.Materializer - [logFlow] Element: 5
2017-10-24 21:52:03.143UTC DEBUG[LogFlow-akka.actor.default-dispatcher-3] a.s.Materializer - [logFlow] Element: 6
2017-10-24 21:52:03.143UTC DEBUG[LogFlow-akka.actor.default-dispatcher-3] a.s.Materializer - [logFlow] Element: 7
2017-10-24 21:52:03.143UTC DEBUG[LogFlow-akka.actor.default-dispatcher-3] a.s.Materializer - [logFlow] Element: 8
2017-10-24 21:52:03.143UTC DEBUG[LogFlow-akka.actor.default-dispatcher-3] a.s.Materializer - [logFlow] Element: 9
2017-10-24 21:52:03.143UTC DEBUG[LogFlow-akka.actor.default-dispatcher-3] a.s.Materializer - [logFlow] Element: 10
2017-10-24 21:52:03.144UTC DEBUG[LogFlow-akka.actor.default-dispatcher-3] a.s.Materializer - [logFlow] Upstream finished.
2017-10-24 21:52:03.159UTC DEBUG[LogFlow-akka.actor.default-dispatcher-5] a.e.EventStream - shutting down: StandardOutLogger started
