2017-10-31 15:05:15.886UTC INFO  success - OK 200 [btcusd] BODY[[{"period":1,"volume":"29332.98387509"},{"period":7,"volume":"289025.59702384"},{"period":30,"volume":"1324755.9428855"}]]
2017-10-31 15:05:16.007UTC INFO  success - OK 200 [omgusd] BODY[[{"period":1,"volume":"427381.42807584"},{"period":7,"volume":"4181863.33134826"},{"period":30,"volume":"25328921.6411439"}]]
2017-10-31 15:05:21.669UTC INFO  success - OK 200 [ethusd] BODY[[{"period":1,"volume":"70481.4134877"},{"period":7,"volume":"647168.35576759"},{"period":30,"volume":"4383416.0302549"}]]
2017-10-31 18:14:21.031UTC INFO  success - OK 200 [omgusd] BODY[[{"period":1,"volume":"585280.75650935"},{"period":7,"volume":"4141598.77393668"},{"period":30,"volume":"25474592.90105472"}]]
2017-10-31 18:14:21.031UTC INFO  success - OK 200 [ethusd] BODY[[{"period":1,"volume":"73613.23199076"},{"period":7,"volume":"640156.07417286"},{"period":30,"volume":"4376766.76825969"}]]
2017-10-31 18:14:22.517UTC INFO  success - OK 200 [btcusd] BODY[[{"period":1,"volume":"34058.3437739"},{"period":7,"volume":"293261.29420253"},{"period":30,"volume":"1332243.4913491"}]]
2017-10-31 18:15:46.677UTC INFO  success - OK 200 [btcusd] BODY[[{"period":1,"volume":"34058.3437739"},{"period":7,"volume":"293261.29420253"},{"period":30,"volume":"1332243.4913491"}]]
2017-10-31 18:15:46.677UTC INFO  success - OK 200 [ethusd] BODY[[{"period":1,"volume":"73613.23199076"},{"period":7,"volume":"640156.07417286"},{"period":30,"volume":"4376766.76825969"}]]
2017-10-31 18:15:46.679UTC INFO  success - OK 200 [omgusd] BODY[[{"period":1,"volume":"585280.75650935"},{"period":7,"volume":"4141598.77393668"},{"period":30,"volume":"25474592.90105472"}]]
2017-10-31 18:19:41.415UTC INFO  success - OK 200 [btcusd] BODY[[{"period":1,"volume":"34058.3437739"},{"period":7,"volume":"293261.29420253"},{"period":30,"volume":"1332243.4913491"}]]
2017-10-31 18:19:41.421UTC INFO  success - OK 200 [ethusd] BODY[[{"period":1,"volume":"73613.23199076"},{"period":7,"volume":"640156.07417286"},{"period":30,"volume":"4376766.76825969"}]]
2017-10-31 18:19:41.485UTC INFO  success - OK 200 [omgusd] BODY[[{"period":1,"volume":"585280.75650935"},{"period":7,"volume":"4141598.77393668"},{"period":30,"volume":"25474592.90105472"}]]
2017-11-01 09:09:01.254UTC INFO  success - OK 200 [btcusd] BODY[[{"period":1,"volume":"48496.0482201"},{"period":7,"volume":"285483.92115306"},{"period":30,"volume":"1335591.52201804"}]]
2017-11-01 09:09:01.254UTC INFO  success - OK 200 [ethusd] BODY[[{"period":1,"volume":"91472.70713605"},{"period":7,"volume":"629090.68220908"},{"period":30,"volume":"4364641.90092553"}]]
2017-11-01 09:09:01.316UTC INFO  success - OK 200 [omgusd] BODY[[{"period":1,"volume":"1069112.65338631"},{"period":7,"volume":"4282496.42102688"},{"period":30,"volume":"25518370.54843028"}]]
2017-11-01 09:17:19.888UTC INFO  success - OK 200 [omgusd] BODY[[{"period":1,"volume":"1080049.21948899"},{"period":7,"volume":"4288975.96046439"},{"period":30,"volume":"25520528.93158292"}]]
2017-11-01 09:17:19.892UTC INFO  success - OK 200 [ethusd] BODY[[{"period":1,"volume":"91515.15018991"},{"period":7,"volume":"628055.22897983"},{"period":30,"volume":"4364705.45318791"}]]
2017-11-01 09:17:19.930UTC INFO  success - OK 200 [btcusd] BODY[[{"period":1,"volume":"49038.73999623"},{"period":7,"volume":"285535.48875946"},{"period":30,"volume":"1335949.12114624"}]]
2017-11-01 09:18:58.244UTC INFO  success - OK 200 [ethusd] BODY[[{"period":1,"volume":"91515.15018991"},{"period":7,"volume":"628055.22897983"},{"period":30,"volume":"4364705.45318791"}]]
2017-11-01 09:18:58.244UTC INFO  success - OK 200 [omgusd] BODY[[{"period":1,"volume":"1080049.21948899"},{"period":7,"volume":"4288975.96046439"},{"period":30,"volume":"25520528.93158292"}]]
2017-11-01 09:18:58.244UTC INFO  success - OK 200 [btcusd] BODY[[{"period":1,"volume":"49038.73999623"},{"period":7,"volume":"285535.48875946"},{"period":30,"volume":"1335949.12114624"}]]
2017-11-01 09:24:03.134UTC INFO  success - OK 200 [omgusd] BODY[[{"period":1,"volume":"1080049.21948899"},{"period":7,"volume":"4288975.96046439"},{"period":30,"volume":"25520528.93158292"}]]
2017-11-01 09:24:03.346UTC INFO  success - OK 200 [ethusd] BODY[[{"period":1,"volume":"91515.15018991"},{"period":7,"volume":"628055.22897983"},{"period":30,"volume":"4364705.45318791"}]]
2017-11-01 09:24:04.037UTC INFO  success - OK 200 [btcusd] BODY[[{"period":1,"volume":"49038.73999623"},{"period":7,"volume":"285535.48875946"},{"period":30,"volume":"1335949.12114624"}]]
2017-11-01 09:25:12.379UTC INFO  success - OK 200 [omgusd] BODY[[{"period":1,"volume":"1080049.21948899"},{"period":7,"volume":"4288975.96046439"},{"period":30,"volume":"25520528.93158292"}]]
2017-11-01 09:25:12.453UTC INFO  success - OK 200 [btcusd] BODY[[{"period":1,"volume":"49038.73999623"},{"period":7,"volume":"285535.48875946"},{"period":30,"volume":"1335949.12114624"}]]
2017-11-01 09:25:12.454UTC INFO  success - OK 200 [ethusd] BODY[[{"period":1,"volume":"91515.15018991"},{"period":7,"volume":"628055.22897983"},{"period":30,"volume":"4364705.45318791"}]]
2017-11-01 09:27:02.183UTC INFO  success - OK 200 [btcusd] BODY[[{"period":1,"volume":"49038.73999623"},{"period":7,"volume":"285535.48875946"},{"period":30,"volume":"1335949.12114624"}]]
2017-11-01 09:27:02.183UTC INFO  success - OK 200 [ethusd] BODY[[{"period":1,"volume":"91515.15018991"},{"period":7,"volume":"628055.22897983"},{"period":30,"volume":"4364705.45318791"}]]
2017-11-01 09:27:02.183UTC INFO  success - OK 200 [omgusd] BODY[[{"period":1,"volume":"1080049.21948899"},{"period":7,"volume":"4288975.96046439"},{"period":30,"volume":"25520528.93158292"}]]
2017-11-01 09:28:22.377UTC INFO  success - OK 200 [ethusd] BODY[[{"period":1,"volume":"91881.9128384"},{"period":7,"volume":"628342.18996236"},{"period":30,"volume":"4364763.09204557"}]]
2017-11-01 09:28:22.377UTC INFO  success - OK 200 [btcusd] BODY[[{"period":1,"volume":"49677.01796398"},{"period":7,"volume":"285742.89008823"},{"period":30,"volume":"1336562.03832662"}]]
2017-11-01 09:28:22.377UTC INFO  success - OK 200 [omgusd] BODY[[{"period":1,"volume":"1105286.86306688"},{"period":7,"volume":"4301588.31021568"},{"period":30,"volume":"25537631.57037849"}]]
2017-11-01 09:30:45.898UTC INFO  success - OK 200 [ethusd] BODY[[{"period":1,"volume":"91881.9128384"},{"period":7,"volume":"628342.18996236"},{"period":30,"volume":"4364763.09204557"}]]
2017-11-01 09:30:45.904UTC INFO  success - OK 200 [btcusd] BODY[[{"period":1,"volume":"49677.01796398"},{"period":7,"volume":"285742.89008823"},{"period":30,"volume":"1336562.03832662"}]]
2017-11-01 09:30:45.941UTC INFO  success - OK 200 [omgusd] BODY[[{"period":1,"volume":"1105286.86306688"},{"period":7,"volume":"4301588.31021568"},{"period":30,"volume":"25537631.57037849"}]]
2017-11-01 09:32:18.591UTC INFO  success - OK 200 [omgusd] BODY[[{"period":1,"volume":"1105286.86306688"},{"period":7,"volume":"4301588.31021568"},{"period":30,"volume":"25537631.57037849"}]]
2017-11-01 09:32:18.616UTC INFO  success - OK 200 [btcusd] BODY[[{"period":1,"volume":"49677.01796398"},{"period":7,"volume":"285742.89008823"},{"period":30,"volume":"1336562.03832662"}]]
2017-11-01 09:32:18.648UTC INFO  success - OK 200 [ethusd] BODY[[{"period":1,"volume":"91881.9128384"},{"period":7,"volume":"628342.18996236"},{"period":30,"volume":"4364763.09204557"}]]
2017-11-01 09:36:07.899UTC INFO  success - OK 200 [btcusd] BODY[[{"period":1,"volume":"49677.01796398"},{"period":7,"volume":"285742.89008823"},{"period":30,"volume":"1336562.03832662"}]]
2017-11-01 09:36:07.899UTC INFO  success - OK 200 [ethusd] BODY[[{"period":1,"volume":"91881.9128384"},{"period":7,"volume":"628342.18996236"},{"period":30,"volume":"4364763.09204557"}]]
2017-11-01 09:36:08.231UTC INFO  success - OK 200 [omgusd] BODY[[{"period":1,"volume":"1105286.86306688"},{"period":7,"volume":"4301588.31021568"},{"period":30,"volume":"25537631.57037849"}]]
2017-11-01 09:40:02.367UTC INFO  success - OK 200 [btcusd] BODY[[{"period":1,"volume":"49677.01796398"},{"period":7,"volume":"285742.89008823"},{"period":30,"volume":"1336562.03832662"}]]
2017-11-01 09:40:02.367UTC INFO  success - OK 200 [omgusd] BODY[[{"period":1,"volume":"1105286.86306688"},{"period":7,"volume":"4301588.31021568"},{"period":30,"volume":"25537631.57037849"}]]
2017-11-01 09:40:02.367UTC INFO  success - OK 200 [ethusd] BODY[[{"period":1,"volume":"91881.9128384"},{"period":7,"volume":"628342.18996236"},{"period":30,"volume":"4364763.09204557"}]]
2017-11-01 09:41:04.358UTC INFO  success - OK 200 [ethusd] BODY[[{"period":1,"volume":"91881.9128384"},{"period":7,"volume":"628342.18996236"},{"period":30,"volume":"4364763.09204557"}]]
2017-11-01 09:41:04.357UTC INFO  success - OK 200 [btcusd] BODY[[{"period":1,"volume":"49677.01796398"},{"period":7,"volume":"285742.89008823"},{"period":30,"volume":"1336562.03832662"}]]
2017-11-01 09:41:04.410UTC INFO  success - OK 200 [omgusd] BODY[[{"period":1,"volume":"1105286.86306688"},{"period":7,"volume":"4301588.31021568"},{"period":30,"volume":"25537631.57037849"}]]
2017-11-01 09:43:05.801UTC INFO  success - OK 200 [omgusd] BODY[[{"period":1,"volume":"1105286.86306688"},{"period":7,"volume":"4301588.31021568"},{"period":30,"volume":"25537631.57037849"}]]
2017-11-01 09:43:05.801UTC INFO  success - OK 200 [ethusd] BODY[[{"period":1,"volume":"91881.9128384"},{"period":7,"volume":"628342.18996236"},{"period":30,"volume":"4364763.09204557"}]]
2017-11-01 09:43:07.944UTC INFO  success - OK 200 [btcusd] BODY[[{"period":1,"volume":"49677.01796398"},{"period":7,"volume":"285742.89008823"},{"period":30,"volume":"1336562.03832662"}]]
2017-11-01 09:47:30.253UTC INFO  success - OK 200 [ethusd] BODY[[{"period":1,"volume":"93029.20319776"},{"period":7,"volume":"629121.03490724"},{"period":30,"volume":"4365749.91351054"}]]
2017-11-01 09:47:30.253UTC INFO  success - OK 200 [omgusd] BODY[[{"period":1,"volume":"1184635.53479397"},{"period":7,"volume":"4378960.21497175"},{"period":30,"volume":"25608261.81569435"}]]
2017-11-01 09:47:32.293UTC INFO  success - OK 200 [btcusd] BODY[[{"period":1,"volume":"51348.19844454"},{"period":7,"volume":"287163.71124369"},{"period":30,"volume":"1338154.07949172"}]]
2017-11-01 09:52:49.197UTC INFO  success - Status OK 200 [omgusd] BODY[[{"period":1,"volume":"1184635.53479397"},{"period":7,"volume":"4378960.21497175"},{"period":30,"volume":"25608261.81569435"}]]
2017-11-01 09:52:49.198UTC INFO  success - Status OK 200 [ethusd] BODY[[{"period":1,"volume":"93029.20319776"},{"period":7,"volume":"629121.03490724"},{"period":30,"volume":"4365749.91351054"}]]
2017-11-01 09:52:49.665UTC INFO  success - Status OK 200 [btcusd] BODY[[{"period":1,"volume":"51348.19844454"},{"period":7,"volume":"287163.71124369"},{"period":30,"volume":"1338154.07949172"}]]
2017-11-01 10:53:04.532UTC INFO  success - OK 200 [omgusd] BODY[[{"period":1,"volume":"1372770.58738735"},{"period":7,"volume":"4551782.28116811"},{"period":30,"volume":"25770458.54406212"}]]
2017-11-01 10:53:04.532UTC INFO  success - OK 200 [ethusd] BODY[[{"period":1,"volume":"99091.09380044"},{"period":7,"volume":"634082.21278563"},{"period":30,"volume":"4369925.85144979"}]]
2017-11-01 10:53:40.167UTC INFO  success - Status OK 200 [omgusd] BODY[[{"period":1,"volume":"1372770.58738735"},{"period":7,"volume":"4551782.28116811"},{"period":30,"volume":"25770458.54406212"}]]
2017-11-01 10:53:40.167UTC INFO  success - Status OK 200 [ethusd] BODY[[{"period":1,"volume":"99091.09380044"},{"period":7,"volume":"634082.21278563"},{"period":30,"volume":"4369925.85144979"}]]
2017-11-01 10:53:40.262UTC INFO  success - Status OK 200 [btcusd] BODY[[{"period":1,"volume":"53104.58998441"},{"period":7,"volume":"288969.91376299"},{"period":30,"volume":"1339567.31511225"}]]
2017-11-01 10:57:12.714UTC INFO  success - Status OK 200 [omgusd] BODY[[{"period":1,"volume":"1372770.58738735"},{"period":7,"volume":"4551782.28116811"},{"period":30,"volume":"25770458.54406212"}]]
2017-11-01 10:57:13.051UTC INFO  success - Status OK 200 [btcusd] BODY[[{"period":1,"volume":"53104.58998441"},{"period":7,"volume":"288969.91376299"},{"period":30,"volume":"1339567.31511225"}]]
2017-11-01 10:57:14.049UTC INFO  success - Status OK 200 [ethusd] BODY[[{"period":1,"volume":"99091.09380044"},{"period":7,"volume":"634082.21278563"},{"period":30,"volume":"4369925.85144979"}]]
2017-11-01 10:57:54.068UTC INFO  success - Status OK 200 [ethusd] BODY[[{"period":1,"volume":"99091.09380044"},{"period":7,"volume":"634082.21278563"},{"period":30,"volume":"4369925.85144979"}]]
2017-11-01 10:58:03.306UTC INFO  success - Status OK 200 [omgusd] BODY[[{"period":1,"volume":"1372770.58738735"},{"period":7,"volume":"4551782.28116811"},{"period":30,"volume":"25770458.54406212"}]]
2017-11-01 10:58:08.308UTC INFO  success - Status OK 200 [btcusd] BODY[[{"period":1,"volume":"53104.58998441"},{"period":7,"volume":"288969.91376299"},{"period":30,"volume":"1339567.31511225"}]]
2017-11-01 11:02:07.557UTC INFO  success - Status OK 200 [btcusd] BODY[[{"period":1,"volume":"54150.83132443"},{"period":7,"volume":"289617.10394265"},{"period":30,"volume":"1340503.9748728"}]]
2017-11-01 11:02:11.406UTC INFO  success - Status OK 200 [ethusd] BODY[[{"period":1,"volume":"104241.29735265"},{"period":7,"volume":"638607.71327409"},{"period":30,"volume":"4374838.67383959"}]]
2017-11-01 11:02:17.123UTC INFO  success - Status OK 200 [omgusd] BODY[[{"period":1,"volume":"1372988.27262734"},{"period":7,"volume":"4547456.20359098"},{"period":30,"volume":"25766158.70571908"}]]
2017-11-01 11:04:58.400UTC INFO  success - OK 200 [btcusd] BODY[[{"period":1,"volume":"54150.83132443"},{"period":7,"volume":"289617.10394265"},{"period":30,"volume":"1340503.9748728"}]]
2017-11-01 11:04:58.400UTC INFO  success - OK 200 [ethusd] BODY[[{"period":1,"volume":"104241.29735265"},{"period":7,"volume":"638607.71327409"},{"period":30,"volume":"4374838.67383959"}]]
2017-11-01 11:04:58.400UTC INFO  success - OK 200 [omgusd] BODY[[{"period":1,"volume":"1372988.27262734"},{"period":7,"volume":"4547456.20359098"},{"period":30,"volume":"25766158.70571908"}]]
